<?xml version="1.0"?>
<!DOCTYPE coverage SYSTEM "http://cobertura.sourceforge.net/xml/coverage-04.dtd">

<coverage line-rate="0.8921319796954315" branch-rate="0.8408644400785854" lines-covered="1406" lines-valid="1576" branches-covered="428" branches-valid="509" complexity="1.81489841986456" version="1.9.4.1" timestamp="1340566986778">
	<sources>
		<source>/Users/sxs/src/php/ebnf/java/ebnf-core/src/main/java</source>
		<source>--source</source>
	</sources>
	<packages>
		<package name="de.weltraumschaf.ebnf" line-rate="1.0" branch-rate="1.0" complexity="1.0">
			<classes>
				<class name="de.weltraumschaf.ebnf.EbnfException" filename="de/weltraumschaf/ebnf/EbnfException.java" line-rate="1.0" branch-rate="1.0" complexity="1.0">
					<methods>
						<method name="&lt;init&gt;" signature="(Ljava/lang/String;)V" line-rate="1.0" branch-rate="1.0">
							<lines>
								<line number="27" hits="2" branch="false"/>
								<line number="28" hits="2" branch="false"/>
							</lines>
						</method>
						<method name="&lt;init&gt;" signature="(Ljava/lang/String;I)V" line-rate="1.0" branch-rate="1.0">
							<lines>
								<line number="41" hits="6" branch="false"/>
								<line number="42" hits="6" branch="false"/>
							</lines>
						</method>
						<method name="&lt;init&gt;" signature="(Ljava/lang/String;ILjava/lang/Throwable;)V" line-rate="1.0" branch-rate="1.0">
							<lines>
								<line number="56" hits="10" branch="false"/>
								<line number="57" hits="10" branch="false"/>
								<line number="58" hits="10" branch="false"/>
							</lines>
						</method>
						<method name="&lt;init&gt;" signature="(Ljava/lang/String;Lde/weltraumschaf/ebnf/ExitCode;)V" line-rate="1.0" branch-rate="1.0">
							<lines>
								<line number="31" hits="4" branch="false"/>
								<line number="32" hits="4" branch="false"/>
							</lines>
						</method>
						<method name="&lt;init&gt;" signature="(Ljava/lang/String;Lde/weltraumschaf/ebnf/ExitCode;Ljava/lang/Throwable;)V" line-rate="1.0" branch-rate="1.0">
							<lines>
								<line number="45" hits="2" branch="false"/>
								<line number="46" hits="2" branch="false"/>
							</lines>
						</method>
						<method name="getCode" signature="()I" line-rate="1.0" branch-rate="1.0">
							<lines>
								<line number="66" hits="10" branch="false"/>
							</lines>
						</method>
					</methods>
					<lines>
						<line number="27" hits="2" branch="false"/>
						<line number="28" hits="2" branch="false"/>
						<line number="31" hits="4" branch="false"/>
						<line number="32" hits="4" branch="false"/>
						<line number="41" hits="6" branch="false"/>
						<line number="42" hits="6" branch="false"/>
						<line number="45" hits="2" branch="false"/>
						<line number="46" hits="2" branch="false"/>
						<line number="56" hits="10" branch="false"/>
						<line number="57" hits="10" branch="false"/>
						<line number="58" hits="10" branch="false"/>
						<line number="66" hits="10" branch="false"/>
					</lines>
				</class>
				<class name="de.weltraumschaf.ebnf.ExitCode" filename="de/weltraumschaf/ebnf/ExitCode.java" line-rate="1.0" branch-rate="1.0" complexity="1.0">
					<methods>
						<method name="&lt;clinit&gt;" signature="()V" line-rate="1.0" branch-rate="1.0">
							<lines>
								<line number="19" hits="2" branch="false"/>
								<line number="23" hits="2" branch="false"/>
								<line number="27" hits="2" branch="false"/>
								<line number="31" hits="2" branch="false"/>
								<line number="35" hits="2" branch="false"/>
								<line number="39" hits="2" branch="false"/>
							</lines>
						</method>
						<method name="&lt;init&gt;" signature="(Ljava/lang/String;II)V" line-rate="1.0" branch-rate="1.0">
							<lines>
								<line number="46" hits="10" branch="false"/>
								<line number="47" hits="10" branch="false"/>
								<line number="48" hits="10" branch="false"/>
							</lines>
						</method>
						<method name="getCode" signature="()I" line-rate="1.0" branch-rate="1.0">
							<lines>
								<line number="58" hits="12" branch="false"/>
							</lines>
						</method>
						<method name="valueOf" signature="(Ljava/lang/String;)Lde/weltraumschaf/ebnf/ExitCode;" line-rate="1.0" branch-rate="1.0">
							<lines>
							</lines>
						</method>
						<method name="values" signature="()[Lde/weltraumschaf/ebnf/ExitCode;" line-rate="1.0" branch-rate="1.0">
							<lines>
							</lines>
						</method>
					</methods>
					<lines>
						<line number="19" hits="2" branch="false"/>
						<line number="23" hits="2" branch="false"/>
						<line number="27" hits="2" branch="false"/>
						<line number="31" hits="2" branch="false"/>
						<line number="35" hits="2" branch="false"/>
						<line number="39" hits="2" branch="false"/>
						<line number="46" hits="10" branch="false"/>
						<line number="47" hits="10" branch="false"/>
						<line number="48" hits="10" branch="false"/>
						<line number="58" hits="12" branch="false"/>
					</lines>
				</class>
			</classes>
		</package>
		<package name="de.weltraumschaf.ebnf.ast" line-rate="0.9696969696969697" branch-rate="0.9705882352941176" complexity="1.6451612903225807">
			<classes>
				<class name="de.weltraumschaf.ebnf.ast.AbstractComposite" filename="de/weltraumschaf/ebnf/ast/AbstractComposite.java" line-rate="0.9142857142857143" branch-rate="0.9166666666666666" complexity="2.0">
					<methods>
						<method name="&lt;init&gt;" signature="(Lde/weltraumschaf/ebnf/ast/Node;Lde/weltraumschaf/ebnf/ast/NodeType;)V" line-rate="1.0" branch-rate="1.0">
							<lines>
								<line number="20" hits="764" branch="false"/>
								<line number="28" hits="764" branch="false"/>
								<line number="29" hits="764" branch="false"/>
							</lines>
						</method>
						<method name="accept" signature="(Lde/weltraumschaf/ebnf/ast/Visitor;)V" line-rate="1.0" branch-rate="1.0">
							<lines>
								<line number="81" hits="110" branch="false"/>
								<line number="82" hits="110" branch="false"/>
								<line number="84" hits="110" branch="true" condition-coverage="100% (2/2)">
									<conditions>
										<condition number="0" type="jump" coverage="100%"/>
									</conditions>
								</line>
								<line number="85" hits="92" branch="true" condition-coverage="100% (2/2)">
									<conditions>
										<condition number="0" type="jump" coverage="100%"/>
									</conditions>
								</line>
								<line number="86" hits="190" branch="false"/>
								<line number="90" hits="110" branch="false"/>
								<line number="91" hits="110" branch="false"/>
							</lines>
						</method>
						<method name="addChild" signature="(Lde/weltraumschaf/ebnf/ast/Node;)V" line-rate="1.0" branch-rate="1.0">
							<lines>
								<line number="69" hits="1294" branch="false"/>
								<line number="70" hits="1294" branch="false"/>
							</lines>
						</method>
						<method name="countChildren" signature="()I" line-rate="1.0" branch-rate="1.0">
							<lines>
								<line number="48" hits="974" branch="false"/>
							</lines>
						</method>
						<method name="depth" signature="()I" line-rate="1.0" branch-rate="1.0">
							<lines>
								<line number="151" hits="116" branch="false"/>
							</lines>
						</method>
						<method name="getChildren" signature="()Ljava/util/List;" line-rate="1.0" branch-rate="1.0">
							<lines>
								<line number="38" hits="708" branch="false"/>
							</lines>
						</method>
						<method name="hasChildren" signature="()Z" line-rate="1.0" branch-rate="1.0">
							<lines>
								<line number="58" hits="448" branch="true" condition-coverage="100% (2/2)">
									<conditions>
										<condition number="0" type="jump" coverage="100%"/>
									</conditions>
								</line>
							</lines>
						</method>
						<method name="probeEquivalence" signature="(Lde/weltraumschaf/ebnf/ast/Node;Lde/weltraumschaf/ebnf/ast/Notification;)V" line-rate="0.8421052631578947" branch-rate="0.8333333333333334">
							<lines>
								<line number="103" hits="260" branch="false"/>
								<line number="105" hits="258" branch="true" condition-coverage="100% (2/2)">
									<conditions>
										<condition number="0" type="jump" coverage="100%"/>
									</conditions>
								</line>
								<line number="106" hits="2" branch="false"/>
								<line number="111" hits="2" branch="false"/>
								<line number="114" hits="256" branch="true" condition-coverage="50% (1/2)">
									<conditions>
										<condition number="0" type="jump" coverage="50%"/>
									</conditions>
								</line>
								<line number="115" hits="0" branch="false"/>
								<line number="123" hits="256" branch="false"/>
								<line number="124" hits="256" branch="false"/>
								<line number="126" hits="256" branch="false"/>
								<line number="127" hits="256" branch="true" condition-coverage="100% (2/2)">
									<conditions>
										<condition number="0" type="jump" coverage="100%"/>
									</conditions>
								</line>
								<line number="129" hits="648" branch="false"/>
								<line number="130" hits="0" branch="false"/>
								<line number="131" hits="0" branch="false"/>
								<line number="132" hits="648" branch="false"/>
								<line number="134" hits="648" branch="false"/>
								<line number="136" hits="2" branch="false"/>
								<line number="137" hits="2" branch="false"/>
								<line number="141" hits="256" branch="false"/>
								<line number="142" hits="258" branch="false"/>
							</lines>
						</method>
					</methods>
					<lines>
						<line number="20" hits="764" branch="false"/>
						<line number="28" hits="764" branch="false"/>
						<line number="29" hits="764" branch="false"/>
						<line number="38" hits="708" branch="false"/>
						<line number="48" hits="974" branch="false"/>
						<line number="58" hits="448" branch="true" condition-coverage="100% (2/2)">
							<conditions>
								<condition number="0" type="jump" coverage="100%"/>
							</conditions>
						</line>
						<line number="69" hits="1294" branch="false"/>
						<line number="70" hits="1294" branch="false"/>
						<line number="81" hits="110" branch="false"/>
						<line number="82" hits="110" branch="false"/>
						<line number="84" hits="110" branch="true" condition-coverage="100% (2/2)">
							<conditions>
								<condition number="0" type="jump" coverage="100%"/>
							</conditions>
						</line>
						<line number="85" hits="92" branch="true" condition-coverage="100% (2/2)">
							<conditions>
								<condition number="0" type="jump" coverage="100%"/>
							</conditions>
						</line>
						<line number="86" hits="190" branch="false"/>
						<line number="90" hits="110" branch="false"/>
						<line number="91" hits="110" branch="false"/>
						<line number="103" hits="260" branch="false"/>
						<line number="105" hits="258" branch="true" condition-coverage="100% (2/2)">
							<conditions>
								<condition number="0" type="jump" coverage="100%"/>
							</conditions>
						</line>
						<line number="106" hits="2" branch="false"/>
						<line number="111" hits="2" branch="false"/>
						<line number="114" hits="256" branch="true" condition-coverage="50% (1/2)">
							<conditions>
								<condition number="0" type="jump" coverage="50%"/>
							</conditions>
						</line>
						<line number="115" hits="0" branch="false"/>
						<line number="123" hits="256" branch="false"/>
						<line number="124" hits="256" branch="false"/>
						<line number="126" hits="256" branch="false"/>
						<line number="127" hits="256" branch="true" condition-coverage="100% (2/2)">
							<conditions>
								<condition number="0" type="jump" coverage="100%"/>
							</conditions>
						</line>
						<line number="129" hits="648" branch="false"/>
						<line number="130" hits="0" branch="false"/>
						<line number="131" hits="0" branch="false"/>
						<line number="132" hits="648" branch="false"/>
						<line number="134" hits="648" branch="false"/>
						<line number="136" hits="2" branch="false"/>
						<line number="137" hits="2" branch="false"/>
						<line number="141" hits="256" branch="false"/>
						<line number="142" hits="258" branch="false"/>
						<line number="151" hits="116" branch="false"/>
					</lines>
				</class>
				<class name="de.weltraumschaf.ebnf.ast.AbstractNode" filename="de/weltraumschaf/ebnf/ast/AbstractNode.java" line-rate="1.0" branch-rate="1.0" complexity="1.3846153846153846">
					<methods>
						<method name="&lt;init&gt;" signature="(Lde/weltraumschaf/ebnf/ast/Node;Lde/weltraumschaf/ebnf/ast/NodeType;)V" line-rate="1.0" branch-rate="1.0">
							<lines>
								<line number="30" hits="1628" branch="false"/>
								<line number="31" hits="1628" branch="false"/>
								<line number="32" hits="1628" branch="false"/>
								<line number="33" hits="1628" branch="false"/>
								<line number="34" hits="1628" branch="false"/>
							</lines>
						</method>
						<method name="accept" signature="(Lde/weltraumschaf/ebnf/ast/Visitor;)V" line-rate="1.0" branch-rate="1.0">
							<lines>
								<line number="70" hits="118" branch="false"/>
								<line number="71" hits="118" branch="false"/>
								<line number="72" hits="118" branch="false"/>
								<line number="73" hits="118" branch="false"/>
							</lines>
						</method>
						<method name="getAttribute" signature="(Ljava/lang/String;)Ljava/lang/String;" line-rate="1.0" branch-rate="1.0">
							<lines>
								<line number="92" hits="1714" branch="true" condition-coverage="100% (2/2)">
									<conditions>
										<condition number="0" type="jump" coverage="100%"/>
									</conditions>
								</line>
								<line number="93" hits="2" branch="false"/>
								<line number="96" hits="1712" branch="false"/>
							</lines>
						</method>
						<method name="getAttributes" signature="()Ljava/util/Map;" line-rate="1.0" branch-rate="1.0">
							<lines>
								<line number="82" hits="100" branch="false"/>
							</lines>
						</method>
						<method name="getNodeName" signature="()Ljava/lang/String;" line-rate="1.0" branch-rate="1.0">
							<lines>
								<line number="58" hits="430" branch="false"/>
							</lines>
						</method>
						<method name="getParent" signature="()Lde/weltraumschaf/ebnf/ast/Node;" line-rate="1.0" branch-rate="1.0">
							<lines>
								<line number="48" hits="10" branch="false"/>
							</lines>
						</method>
						<method name="getType" signature="()Lde/weltraumschaf/ebnf/ast/NodeType;" line-rate="1.0" branch-rate="1.0">
							<lines>
								<line number="53" hits="454" branch="false"/>
							</lines>
						</method>
						<method name="hasAttribute" signature="(Ljava/lang/String;)Z" line-rate="1.0" branch-rate="1.0">
							<lines>
								<line number="87" hits="1718" branch="false"/>
							</lines>
						</method>
						<method name="hasAttributes" signature="()Z" line-rate="1.0" branch-rate="1.0">
							<lines>
								<line number="77" hits="188" branch="true" condition-coverage="100% (2/2)">
									<conditions>
										<condition number="0" type="jump" coverage="100%"/>
									</conditions>
								</line>
							</lines>
						</method>
						<method name="hasParent" signature="()Z" line-rate="1.0" branch-rate="1.0">
							<lines>
								<line number="38" hits="6" branch="true" condition-coverage="100% (4/4)">
									<conditions>
										<condition number="0" type="jump" coverage="100%"/>
										<condition number="1" type="jump" coverage="100%"/>
									</conditions>
								</line>
							</lines>
						</method>
						<method name="isType" signature="(Lde/weltraumschaf/ebnf/ast/NodeType;)Z" line-rate="1.0" branch-rate="1.0">
							<lines>
								<line number="127" hits="700" branch="false"/>
							</lines>
						</method>
						<method name="setAttribute" signature="(Ljava/lang/String;Ljava/lang/String;)V" line-rate="1.0" branch-rate="1.0">
							<lines>
								<line number="101" hits="1150" branch="false"/>
								<line number="102" hits="1150" branch="false"/>
							</lines>
						</method>
						<method name="toString" signature="()Ljava/lang/String;" line-rate="1.0" branch-rate="1.0">
							<lines>
								<line number="111" hits="34" branch="false"/>
								<line number="113" hits="34" branch="true" condition-coverage="100% (2/2)">
									<conditions>
										<condition number="0" type="jump" coverage="100%"/>
									</conditions>
								</line>
								<line number="114" hits="18" branch="false"/>
								<line number="116" hits="40" branch="true" condition-coverage="100% (2/2)">
									<conditions>
										<condition number="0" type="jump" coverage="100%"/>
									</conditions>
								</line>
								<line number="117" hits="22" branch="false"/>
								<line number="118" hits="22" branch="false"/>
								<line number="119" hits="22" branch="false"/>
								<line number="122" hits="34" branch="false"/>
							</lines>
						</method>
					</methods>
					<lines>
						<line number="30" hits="1628" branch="false"/>
						<line number="31" hits="1628" branch="false"/>
						<line number="32" hits="1628" branch="false"/>
						<line number="33" hits="1628" branch="false"/>
						<line number="34" hits="1628" branch="false"/>
						<line number="38" hits="6" branch="true" condition-coverage="100% (4/4)">
							<conditions>
								<condition number="0" type="jump" coverage="100%"/>
								<condition number="1" type="jump" coverage="100%"/>
							</conditions>
						</line>
						<line number="48" hits="10" branch="false"/>
						<line number="53" hits="454" branch="false"/>
						<line number="58" hits="430" branch="false"/>
						<line number="70" hits="118" branch="false"/>
						<line number="71" hits="118" branch="false"/>
						<line number="72" hits="118" branch="false"/>
						<line number="73" hits="118" branch="false"/>
						<line number="77" hits="188" branch="true" condition-coverage="100% (2/2)">
							<conditions>
								<condition number="0" type="jump" coverage="100%"/>
							</conditions>
						</line>
						<line number="82" hits="100" branch="false"/>
						<line number="87" hits="1718" branch="false"/>
						<line number="92" hits="1714" branch="true" condition-coverage="100% (2/2)">
							<conditions>
								<condition number="0" type="jump" coverage="100%"/>
							</conditions>
						</line>
						<line number="93" hits="2" branch="false"/>
						<line number="96" hits="1712" branch="false"/>
						<line number="101" hits="1150" branch="false"/>
						<line number="102" hits="1150" branch="false"/>
						<line number="111" hits="34" branch="false"/>
						<line number="113" hits="34" branch="true" condition-coverage="100% (2/2)">
							<conditions>
								<condition number="0" type="jump" coverage="100%"/>
							</conditions>
						</line>
						<line number="114" hits="18" branch="false"/>
						<line number="116" hits="40" branch="true" condition-coverage="100% (2/2)">
							<conditions>
								<condition number="0" type="jump" coverage="100%"/>
							</conditions>
						</line>
						<line number="117" hits="22" branch="false"/>
						<line number="118" hits="22" branch="false"/>
						<line number="119" hits="22" branch="false"/>
						<line number="122" hits="34" branch="false"/>
						<line number="127" hits="700" branch="false"/>
					</lines>
				</class>
				<class name="de.weltraumschaf.ebnf.ast.DepthCalculator" filename="de/weltraumschaf/ebnf/ast/DepthCalculator.java" line-rate="1.0" branch-rate="1.0" complexity="2.5">
					<methods>
						<method name="&lt;init&gt;" signature="(Lde/weltraumschaf/ebnf/ast/Composite;)V" line-rate="1.0" branch-rate="1.0">
							<lines>
								<line number="24" hits="164" branch="false"/>
								<line number="25" hits="164" branch="false"/>
								<line number="26" hits="164" branch="false"/>
							</lines>
						</method>
						<method name="depth" signature="()I" line-rate="1.0" branch-rate="1.0">
							<lines>
								<line number="36" hits="164" branch="true" condition-coverage="100% (2/2)">
									<conditions>
										<condition number="0" type="jump" coverage="100%"/>
									</conditions>
								</line>
								<line number="37" hits="116" branch="false"/>
								<line number="39" hits="116" branch="true" condition-coverage="100% (2/2)">
									<conditions>
										<condition number="0" type="jump" coverage="100%"/>
									</conditions>
								</line>
								<line number="40" hits="188" branch="false"/>
								<line number="43" hits="116" branch="false"/>
								<line number="46" hits="48" branch="false"/>
							</lines>
						</method>
					</methods>
					<lines>
						<line number="24" hits="164" branch="false"/>
						<line number="25" hits="164" branch="false"/>
						<line number="26" hits="164" branch="false"/>
						<line number="36" hits="164" branch="true" condition-coverage="100% (2/2)">
							<conditions>
								<condition number="0" type="jump" coverage="100%"/>
							</conditions>
						</line>
						<line number="37" hits="116" branch="false"/>
						<line number="39" hits="116" branch="true" condition-coverage="100% (2/2)">
							<conditions>
								<condition number="0" type="jump" coverage="100%"/>
							</conditions>
						</line>
						<line number="40" hits="188" branch="false"/>
						<line number="43" hits="116" branch="false"/>
						<line number="46" hits="48" branch="false"/>
					</lines>
				</class>
				<class name="de.weltraumschaf.ebnf.ast.NodeType" filename="de/weltraumschaf/ebnf/ast/NodeType.java" line-rate="1.0" branch-rate="1.0" complexity="1.0">
					<methods>
						<method name="&lt;clinit&gt;" signature="()V" line-rate="1.0" branch-rate="1.0">
							<lines>
								<line number="8" hits="24" branch="false"/>
								<line number="9" hits="2" branch="false"/>
								<line number="10" hits="2" branch="false"/>
								<line number="11" hits="2" branch="false"/>
								<line number="12" hits="2" branch="false"/>
								<line number="13" hits="2" branch="false"/>
								<line number="14" hits="2" branch="false"/>
								<line number="15" hits="2" branch="false"/>
								<line number="16" hits="2" branch="false"/>
								<line number="17" hits="2" branch="false"/>
								<line number="18" hits="2" branch="false"/>
							</lines>
						</method>
						<method name="&lt;init&gt;" signature="(Ljava/lang/String;I)V" line-rate="1.0" branch-rate="1.0">
							<lines>
							</lines>
						</method>
						<method name="toString" signature="()Ljava/lang/String;" line-rate="1.0" branch-rate="1.0">
							<lines>
								<line number="22" hits="468" branch="false"/>
							</lines>
						</method>
						<method name="valueOf" signature="(Ljava/lang/String;)Lde/weltraumschaf/ebnf/ast/NodeType;" line-rate="1.0" branch-rate="1.0">
							<lines>
							</lines>
						</method>
						<method name="values" signature="()[Lde/weltraumschaf/ebnf/ast/NodeType;" line-rate="1.0" branch-rate="1.0">
							<lines>
							</lines>
						</method>
					</methods>
					<lines>
						<line number="8" hits="24" branch="false"/>
						<line number="9" hits="2" branch="false"/>
						<line number="10" hits="2" branch="false"/>
						<line number="11" hits="2" branch="false"/>
						<line number="12" hits="2" branch="false"/>
						<line number="13" hits="2" branch="false"/>
						<line number="14" hits="2" branch="false"/>
						<line number="15" hits="2" branch="false"/>
						<line number="16" hits="2" branch="false"/>
						<line number="17" hits="2" branch="false"/>
						<line number="18" hits="2" branch="false"/>
						<line number="22" hits="468" branch="false"/>
					</lines>
				</class>
				<class name="de.weltraumschaf.ebnf.ast.Notification" filename="de/weltraumschaf/ebnf/ast/Notification.java" line-rate="1.0" branch-rate="1.0" complexity="2.3333333333333335">
					<methods>
						<method name="&lt;init&gt;" signature="()V" line-rate="1.0" branch-rate="1.0">
							<lines>
								<line number="11" hits="94" branch="false"/>
								<line number="18" hits="94" branch="false"/>
							</lines>
						</method>
						<method name="error" signature="(Ljava/lang/String;[Ljava/lang/Object;)V" line-rate="1.0" branch-rate="1.0">
							<lines>
								<line number="32" hits="72" branch="false"/>
								<line number="33" hits="72" branch="false"/>
							</lines>
						</method>
						<method name="isOk" signature="()Z" line-rate="1.0" branch-rate="1.0">
							<lines>
								<line number="41" hits="208" branch="false"/>
							</lines>
						</method>
						<method name="report" signature="()Ljava/lang/String;" line-rate="1.0" branch-rate="1.0">
							<lines>
								<line number="50" hits="106" branch="true" condition-coverage="100% (2/2)">
									<conditions>
										<condition number="0" type="jump" coverage="100%"/>
									</conditions>
								</line>
								<line number="51" hits="62" branch="false"/>
								<line number="54" hits="44" branch="false"/>
								<line number="56" hits="114" branch="true" condition-coverage="100% (2/2)">
									<conditions>
										<condition number="0" type="jump" coverage="100%"/>
									</conditions>
								</line>
								<line number="57" hits="70" branch="true" condition-coverage="100% (2/2)">
									<conditions>
										<condition number="0" type="jump" coverage="100%"/>
									</conditions>
								</line>
								<line number="58" hits="26" branch="false"/>
								<line number="61" hits="70" branch="false"/>
								<line number="63" hits="44" branch="false"/>
							</lines>
						</method>
					</methods>
					<lines>
						<line number="11" hits="94" branch="false"/>
						<line number="18" hits="94" branch="false"/>
						<line number="32" hits="72" branch="false"/>
						<line number="33" hits="72" branch="false"/>
						<line number="41" hits="208" branch="false"/>
						<line number="50" hits="106" branch="true" condition-coverage="100% (2/2)">
							<conditions>
								<condition number="0" type="jump" coverage="100%"/>
							</conditions>
						</line>
						<line number="51" hits="62" branch="false"/>
						<line number="54" hits="44" branch="false"/>
						<line number="56" hits="114" branch="true" condition-coverage="100% (2/2)">
							<conditions>
								<condition number="0" type="jump" coverage="100%"/>
							</conditions>
						</line>
						<line number="57" hits="70" branch="true" condition-coverage="100% (2/2)">
							<conditions>
								<condition number="0" type="jump" coverage="100%"/>
							</conditions>
						</line>
						<line number="58" hits="26" branch="false"/>
						<line number="61" hits="70" branch="false"/>
						<line number="63" hits="44" branch="false"/>
					</lines>
				</class>
				<class name="de.weltraumschaf.ebnf.ast.Visitable" filename="de/weltraumschaf/ebnf/ast/Visitable.java" line-rate="1.0" branch-rate="1.0" complexity="1.0">
					<methods>
					</methods>
					<lines>
					</lines>
				</class>
				<class name="de.weltraumschaf.ebnf.ast.Visitor" filename="de/weltraumschaf/ebnf/ast/Visitor.java" line-rate="1.0" branch-rate="1.0" complexity="1.0">
					<methods>
					</methods>
					<lines>
					</lines>
				</class>
			</classes>
		</package>
		<package name="de.weltraumschaf.ebnf.ast.builder" line-rate="0.9722222222222222" branch-rate="1.0" complexity="1.0">
			<classes>
				<class name="de.weltraumschaf.ebnf.ast.builder.GenericBuilder" filename="de/weltraumschaf/ebnf/ast/builder/GenericBuilder.java" line-rate="1.0" branch-rate="1.0" complexity="1.0">
					<methods>
						<method name="&lt;init&gt;" signature="(Ljava/lang/Object;Lde/weltraumschaf/ebnf/ast/AbstractComposite;)V" line-rate="1.0" branch-rate="1.0">
							<lines>
								<line number="33" hits="236" branch="false"/>
								<line number="34" hits="236" branch="false"/>
								<line number="35" hits="236" branch="false"/>
								<line number="36" hits="236" branch="false"/>
							</lines>
						</method>
						<method name="choice" signature="()Lde/weltraumschaf/ebnf/ast/builder/GenericBuilder;" line-rate="1.0" branch-rate="1.0">
							<lines>
								<line number="87" hits="32" branch="false"/>
								<line number="88" hits="32" branch="false"/>
								<line number="89" hits="32" branch="false"/>
							</lines>
						</method>
						<method name="comment" signature="(Ljava/lang/String;)Lde/weltraumschaf/ebnf/ast/builder/GenericBuilder;" line-rate="1.0" branch-rate="1.0">
							<lines>
								<line number="76" hits="6" branch="false"/>
								<line number="77" hits="6" branch="false"/>
							</lines>
						</method>
						<method name="end" signature="()Ljava/lang/Object;" line-rate="1.0" branch-rate="1.0">
							<lines>
								<line number="44" hits="236" branch="false"/>
							</lines>
						</method>
						<method name="identifier" signature="(Ljava/lang/String;)Lde/weltraumschaf/ebnf/ast/builder/GenericBuilder;" line-rate="1.0" branch-rate="1.0">
							<lines>
								<line number="54" hits="140" branch="false"/>
								<line number="55" hits="140" branch="false"/>
							</lines>
						</method>
						<method name="loop" signature="()Lde/weltraumschaf/ebnf/ast/builder/GenericBuilder;" line-rate="1.0" branch-rate="1.0">
							<lines>
								<line number="99" hits="40" branch="false"/>
								<line number="100" hits="40" branch="false"/>
								<line number="101" hits="40" branch="false"/>
							</lines>
						</method>
						<method name="option" signature="()Lde/weltraumschaf/ebnf/ast/builder/GenericBuilder;" line-rate="1.0" branch-rate="1.0">
							<lines>
								<line number="111" hits="28" branch="false"/>
								<line number="112" hits="28" branch="false"/>
								<line number="113" hits="28" branch="false"/>
							</lines>
						</method>
						<method name="sequence" signature="()Lde/weltraumschaf/ebnf/ast/builder/GenericBuilder;" line-rate="1.0" branch-rate="1.0">
							<lines>
								<line number="123" hits="58" branch="false"/>
								<line number="124" hits="58" branch="false"/>
								<line number="125" hits="58" branch="false"/>
							</lines>
						</method>
						<method name="terminal" signature="(Ljava/lang/String;)Lde/weltraumschaf/ebnf/ast/builder/GenericBuilder;" line-rate="1.0" branch-rate="1.0">
							<lines>
								<line number="65" hits="220" branch="false"/>
								<line number="66" hits="220" branch="false"/>
							</lines>
						</method>
					</methods>
					<lines>
						<line number="33" hits="236" branch="false"/>
						<line number="34" hits="236" branch="false"/>
						<line number="35" hits="236" branch="false"/>
						<line number="36" hits="236" branch="false"/>
						<line number="44" hits="236" branch="false"/>
						<line number="54" hits="140" branch="false"/>
						<line number="55" hits="140" branch="false"/>
						<line number="65" hits="220" branch="false"/>
						<line number="66" hits="220" branch="false"/>
						<line number="76" hits="6" branch="false"/>
						<line number="77" hits="6" branch="false"/>
						<line number="87" hits="32" branch="false"/>
						<line number="88" hits="32" branch="false"/>
						<line number="89" hits="32" branch="false"/>
						<line number="99" hits="40" branch="false"/>
						<line number="100" hits="40" branch="false"/>
						<line number="101" hits="40" branch="false"/>
						<line number="111" hits="28" branch="false"/>
						<line number="112" hits="28" branch="false"/>
						<line number="113" hits="28" branch="false"/>
						<line number="123" hits="58" branch="false"/>
						<line number="124" hits="58" branch="false"/>
						<line number="125" hits="58" branch="false"/>
					</lines>
				</class>
				<class name="de.weltraumschaf.ebnf.ast.builder.RuleBuilder" filename="de/weltraumschaf/ebnf/ast/builder/RuleBuilder.java" line-rate="1.0" branch-rate="1.0" complexity="1.0">
					<methods>
						<method name="&lt;init&gt;" signature="(Lde/weltraumschaf/ebnf/ast/nodes/Syntax;)V" line-rate="1.0" branch-rate="1.0">
							<lines>
								<line number="26" hits="36" branch="false"/>
								<line number="27" hits="36" branch="false"/>
								<line number="28" hits="36" branch="false"/>
							</lines>
						</method>
						<method name="build" signature="()Lde/weltraumschaf/ebnf/ast/nodes/Syntax;" line-rate="1.0" branch-rate="1.0">
							<lines>
								<line number="60" hits="36" branch="false"/>
							</lines>
						</method>
						<method name="comment" signature="(Ljava/lang/String;)Lde/weltraumschaf/ebnf/ast/builder/RuleBuilder;" line-rate="1.0" branch-rate="1.0">
							<lines>
								<line number="49" hits="6" branch="false"/>
								<line number="50" hits="6" branch="false"/>
								<line number="51" hits="6" branch="false"/>
							</lines>
						</method>
						<method name="rule" signature="(Ljava/lang/String;)Lde/weltraumschaf/ebnf/ast/builder/GenericBuilder;" line-rate="1.0" branch-rate="1.0">
							<lines>
								<line number="37" hits="78" branch="false"/>
								<line number="38" hits="78" branch="false"/>
								<line number="39" hits="78" branch="false"/>
							</lines>
						</method>
					</methods>
					<lines>
						<line number="26" hits="36" branch="false"/>
						<line number="27" hits="36" branch="false"/>
						<line number="28" hits="36" branch="false"/>
						<line number="37" hits="78" branch="false"/>
						<line number="38" hits="78" branch="false"/>
						<line number="39" hits="78" branch="false"/>
						<line number="49" hits="6" branch="false"/>
						<line number="50" hits="6" branch="false"/>
						<line number="51" hits="6" branch="false"/>
						<line number="60" hits="36" branch="false"/>
					</lines>
				</class>
				<class name="de.weltraumschaf.ebnf.ast.builder.SyntaxBuilder" filename="de/weltraumschaf/ebnf/ast/builder/SyntaxBuilder.java" line-rate="0.6666666666666666" branch-rate="1.0" complexity="1.0">
					<methods>
						<method name="&lt;init&gt;" signature="()V" line-rate="0.0" branch-rate="1.0">
							<lines>
								<line number="28" hits="0" branch="false"/>
							</lines>
						</method>
						<method name="syntax" signature="(Ljava/lang/String;)Lde/weltraumschaf/ebnf/ast/builder/RuleBuilder;" line-rate="1.0" branch-rate="1.0">
							<lines>
								<line number="37" hits="26" branch="false"/>
							</lines>
						</method>
						<method name="syntax" signature="(Ljava/lang/String;Ljava/lang/String;)Lde/weltraumschaf/ebnf/ast/builder/RuleBuilder;" line-rate="1.0" branch-rate="1.0">
							<lines>
								<line number="48" hits="36" branch="false"/>
							</lines>
						</method>
					</methods>
					<lines>
						<line number="28" hits="0" branch="false"/>
						<line number="37" hits="26" branch="false"/>
						<line number="48" hits="36" branch="false"/>
					</lines>
				</class>
			</classes>
		</package>
		<package name="de.weltraumschaf.ebnf.ast.nodes" line-rate="0.9884393063583815" branch-rate="0.9836065573770492" complexity="1.7424242424242424">
			<classes>
				<class name="de.weltraumschaf.ebnf.ast.nodes.Choice" filename="de/weltraumschaf/ebnf/ast/nodes/Choice.java" line-rate="1.0" branch-rate="1.0" complexity="1.5">
					<methods>
						<method name="&lt;init&gt;" signature="(Lde/weltraumschaf/ebnf/ast/Node;)V" line-rate="1.0" branch-rate="1.0">
							<lines>
								<line number="15" hits="146" branch="false"/>
								<line number="16" hits="146" branch="false"/>
							</lines>
						</method>
						<method name="newInstance" signature="()Lde/weltraumschaf/ebnf/ast/nodes/Choice;" line-rate="1.0" branch-rate="1.0">
							<lines>
								<line number="24" hits="6" branch="false"/>
							</lines>
						</method>
						<method name="newInstance" signature="(Lde/weltraumschaf/ebnf/ast/Node;)Lde/weltraumschaf/ebnf/ast/nodes/Choice;" line-rate="1.0" branch-rate="1.0">
							<lines>
								<line number="34" hits="146" branch="false"/>
							</lines>
						</method>
						<method name="toString" signature="()Ljava/lang/String;" line-rate="1.0" branch-rate="1.0">
							<lines>
								<line number="39" hits="4" branch="false"/>
								<line number="41" hits="4" branch="true" condition-coverage="100% (2/2)">
									<conditions>
										<condition number="0" type="jump" coverage="100%"/>
									</conditions>
								</line>
								<line number="42" hits="2" branch="true" condition-coverage="100% (2/2)">
									<conditions>
										<condition number="0" type="jump" coverage="100%"/>
									</conditions>
								</line>
								<line number="43" hits="4" branch="false"/>
								<line number="47" hits="4" branch="false"/>
							</lines>
						</method>
					</methods>
					<lines>
						<line number="15" hits="146" branch="false"/>
						<line number="16" hits="146" branch="false"/>
						<line number="24" hits="6" branch="false"/>
						<line number="34" hits="146" branch="false"/>
						<line number="39" hits="4" branch="false"/>
						<line number="41" hits="4" branch="true" condition-coverage="100% (2/2)">
							<conditions>
								<condition number="0" type="jump" coverage="100%"/>
							</conditions>
						</line>
						<line number="42" hits="2" branch="true" condition-coverage="100% (2/2)">
							<conditions>
								<condition number="0" type="jump" coverage="100%"/>
							</conditions>
						</line>
						<line number="43" hits="4" branch="false"/>
						<line number="47" hits="4" branch="false"/>
					</lines>
				</class>
				<class name="de.weltraumschaf.ebnf.ast.nodes.Comment" filename="de/weltraumschaf/ebnf/ast/nodes/Comment.java" line-rate="1.0" branch-rate="1.0" complexity="1.2857142857142858">
					<methods>
						<method name="&lt;init&gt;" signature="(Lde/weltraumschaf/ebnf/ast/Node;Ljava/lang/String;)V" line-rate="1.0" branch-rate="1.0">
							<lines>
								<line number="24" hits="44" branch="false"/>
								<line number="25" hits="44" branch="false"/>
								<line number="26" hits="44" branch="false"/>
							</lines>
						</method>
						<method name="depth" signature="()I" line-rate="1.0" branch-rate="1.0">
							<lines>
								<line number="100" hits="2" branch="false"/>
							</lines>
						</method>
						<method name="newInstance" signature="()Lde/weltraumschaf/ebnf/ast/nodes/Comment;" line-rate="1.0" branch-rate="1.0">
							<lines>
								<line number="34" hits="12" branch="false"/>
							</lines>
						</method>
						<method name="newInstance" signature="(Lde/weltraumschaf/ebnf/ast/Node;)Lde/weltraumschaf/ebnf/ast/nodes/Comment;" line-rate="1.0" branch-rate="1.0">
							<lines>
								<line number="54" hits="14" branch="false"/>
							</lines>
						</method>
						<method name="newInstance" signature="(Lde/weltraumschaf/ebnf/ast/Node;Ljava/lang/String;)Lde/weltraumschaf/ebnf/ast/nodes/Comment;" line-rate="1.0" branch-rate="1.0">
							<lines>
								<line number="65" hits="44" branch="false"/>
							</lines>
						</method>
						<method name="newInstance" signature="(Ljava/lang/String;)Lde/weltraumschaf/ebnf/ast/nodes/Comment;" line-rate="1.0" branch-rate="1.0">
							<lines>
								<line number="44" hits="6" branch="false"/>
							</lines>
						</method>
						<method name="probeEquivalence" signature="(Lde/weltraumschaf/ebnf/ast/Node;Lde/weltraumschaf/ebnf/ast/Notification;)V" line-rate="1.0" branch-rate="1.0">
							<lines>
								<line number="78" hits="34" branch="false"/>
								<line number="80" hits="32" branch="true" condition-coverage="100% (2/2)">
									<conditions>
										<condition number="0" type="jump" coverage="100%"/>
									</conditions>
								</line>
								<line number="81" hits="4" branch="false"/>
								<line number="84" hits="2" branch="false"/>
								<line number="85" hits="2" branch="false"/>
								<line number="90" hits="32" branch="false"/>
								<line number="91" hits="34" branch="false"/>
							</lines>
						</method>
					</methods>
					<lines>
						<line number="24" hits="44" branch="false"/>
						<line number="25" hits="44" branch="false"/>
						<line number="26" hits="44" branch="false"/>
						<line number="34" hits="12" branch="false"/>
						<line number="44" hits="6" branch="false"/>
						<line number="54" hits="14" branch="false"/>
						<line number="65" hits="44" branch="false"/>
						<line number="78" hits="34" branch="false"/>
						<line number="80" hits="32" branch="true" condition-coverage="100% (2/2)">
							<conditions>
								<condition number="0" type="jump" coverage="100%"/>
							</conditions>
						</line>
						<line number="81" hits="4" branch="false"/>
						<line number="84" hits="2" branch="false"/>
						<line number="85" hits="2" branch="false"/>
						<line number="90" hits="32" branch="false"/>
						<line number="91" hits="34" branch="false"/>
						<line number="100" hits="2" branch="false"/>
					</lines>
				</class>
				<class name="de.weltraumschaf.ebnf.ast.nodes.Identifier" filename="de/weltraumschaf/ebnf/ast/nodes/Identifier.java" line-rate="1.0" branch-rate="1.0" complexity="1.2857142857142858">
					<methods>
						<method name="&lt;init&gt;" signature="(Lde/weltraumschaf/ebnf/ast/Node;Ljava/lang/String;)V" line-rate="1.0" branch-rate="1.0">
							<lines>
								<line number="26" hits="290" branch="false"/>
								<line number="27" hits="290" branch="false"/>
								<line number="28" hits="290" branch="false"/>
							</lines>
						</method>
						<method name="depth" signature="()I" line-rate="1.0" branch-rate="1.0">
							<lines>
								<line number="98" hits="40" branch="false"/>
							</lines>
						</method>
						<method name="newInstance" signature="()Lde/weltraumschaf/ebnf/ast/nodes/Identifier;" line-rate="1.0" branch-rate="1.0">
							<lines>
								<line number="36" hits="18" branch="false"/>
							</lines>
						</method>
						<method name="newInstance" signature="(Lde/weltraumschaf/ebnf/ast/Node;)Lde/weltraumschaf/ebnf/ast/nodes/Identifier;" line-rate="1.0" branch-rate="1.0">
							<lines>
								<line number="56" hits="20" branch="false"/>
							</lines>
						</method>
						<method name="newInstance" signature="(Lde/weltraumschaf/ebnf/ast/Node;Ljava/lang/String;)Lde/weltraumschaf/ebnf/ast/nodes/Identifier;" line-rate="1.0" branch-rate="1.0">
							<lines>
								<line number="67" hits="290" branch="false"/>
							</lines>
						</method>
						<method name="newInstance" signature="(Ljava/lang/String;)Lde/weltraumschaf/ebnf/ast/nodes/Identifier;" line-rate="1.0" branch-rate="1.0">
							<lines>
								<line number="46" hits="2" branch="false"/>
							</lines>
						</method>
						<method name="probeEquivalence" signature="(Lde/weltraumschaf/ebnf/ast/Node;Lde/weltraumschaf/ebnf/ast/Notification;)V" line-rate="1.0" branch-rate="1.0">
							<lines>
								<line number="80" hits="174" branch="false"/>
								<line number="82" hits="172" branch="true" condition-coverage="100% (2/2)">
									<conditions>
										<condition number="0" type="jump" coverage="100%"/>
									</conditions>
								</line>
								<line number="83" hits="16" branch="false"/>
								<line number="86" hits="2" branch="false"/>
								<line number="87" hits="2" branch="false"/>
								<line number="88" hits="172" branch="false"/>
								<line number="89" hits="174" branch="false"/>
							</lines>
						</method>
					</methods>
					<lines>
						<line number="26" hits="290" branch="false"/>
						<line number="27" hits="290" branch="false"/>
						<line number="28" hits="290" branch="false"/>
						<line number="36" hits="18" branch="false"/>
						<line number="46" hits="2" branch="false"/>
						<line number="56" hits="20" branch="false"/>
						<line number="67" hits="290" branch="false"/>
						<line number="80" hits="174" branch="false"/>
						<line number="82" hits="172" branch="true" condition-coverage="100% (2/2)">
							<conditions>
								<condition number="0" type="jump" coverage="100%"/>
							</conditions>
						</line>
						<line number="83" hits="16" branch="false"/>
						<line number="86" hits="2" branch="false"/>
						<line number="87" hits="2" branch="false"/>
						<line number="88" hits="172" branch="false"/>
						<line number="89" hits="174" branch="false"/>
						<line number="98" hits="40" branch="false"/>
					</lines>
				</class>
				<class name="de.weltraumschaf.ebnf.ast.nodes.Loop" filename="de/weltraumschaf/ebnf/ast/nodes/Loop.java" line-rate="1.0" branch-rate="1.0" complexity="1.5">
					<methods>
						<method name="&lt;init&gt;" signature="(Lde/weltraumschaf/ebnf/ast/Node;)V" line-rate="1.0" branch-rate="1.0">
							<lines>
								<line number="15" hits="86" branch="false"/>
								<line number="16" hits="86" branch="false"/>
							</lines>
						</method>
						<method name="newInstance" signature="()Lde/weltraumschaf/ebnf/ast/nodes/Loop;" line-rate="1.0" branch-rate="1.0">
							<lines>
								<line number="24" hits="10" branch="false"/>
							</lines>
						</method>
						<method name="newInstance" signature="(Lde/weltraumschaf/ebnf/ast/Node;)Lde/weltraumschaf/ebnf/ast/nodes/Loop;" line-rate="1.0" branch-rate="1.0">
							<lines>
								<line number="34" hits="86" branch="false"/>
							</lines>
						</method>
						<method name="toString" signature="()Ljava/lang/String;" line-rate="1.0" branch-rate="1.0">
							<lines>
								<line number="39" hits="4" branch="false"/>
								<line number="41" hits="4" branch="true" condition-coverage="100% (2/2)">
									<conditions>
										<condition number="0" type="jump" coverage="100%"/>
									</conditions>
								</line>
								<line number="42" hits="2" branch="true" condition-coverage="100% (2/2)">
									<conditions>
										<condition number="0" type="jump" coverage="100%"/>
									</conditions>
								</line>
								<line number="43" hits="4" branch="false"/>
								<line number="47" hits="4" branch="false"/>
							</lines>
						</method>
					</methods>
					<lines>
						<line number="15" hits="86" branch="false"/>
						<line number="16" hits="86" branch="false"/>
						<line number="24" hits="10" branch="false"/>
						<line number="34" hits="86" branch="false"/>
						<line number="39" hits="4" branch="false"/>
						<line number="41" hits="4" branch="true" condition-coverage="100% (2/2)">
							<conditions>
								<condition number="0" type="jump" coverage="100%"/>
							</conditions>
						</line>
						<line number="42" hits="2" branch="true" condition-coverage="100% (2/2)">
							<conditions>
								<condition number="0" type="jump" coverage="100%"/>
							</conditions>
						</line>
						<line number="43" hits="4" branch="false"/>
						<line number="47" hits="4" branch="false"/>
					</lines>
				</class>
				<class name="de.weltraumschaf.ebnf.ast.nodes.NodeFactory" filename="de/weltraumschaf/ebnf/ast/nodes/NodeFactory.java" line-rate="0.875" branch-rate="0.9230769230769231" complexity="8.0">
					<methods>
						<method name="&lt;init&gt;" signature="()V" line-rate="0.0" branch-rate="1.0">
							<lines>
								<line number="23" hits="0" branch="false"/>
							</lines>
						</method>
						<method name="newNode" signature="(Lde/weltraumschaf/ebnf/ast/NodeType;)Lde/weltraumschaf/ebnf/ast/Node;" line-rate="1.0" branch-rate="1.0">
							<lines>
								<line number="50" hits="22" branch="true" condition-coverage="100% (2/2)">
									<conditions>
										<condition number="0" type="jump" coverage="100%"/>
									</conditions>
								</line>
								<line number="51" hits="2" branch="false"/>
								<line number="52" hits="20" branch="true" condition-coverage="100% (2/2)">
									<conditions>
										<condition number="0" type="jump" coverage="100%"/>
									</conditions>
								</line>
								<line number="53" hits="2" branch="false"/>
								<line number="55" hits="18" branch="false"/>
							</lines>
						</method>
						<method name="newNode" signature="(Lde/weltraumschaf/ebnf/ast/NodeType;Lde/weltraumschaf/ebnf/ast/Node;)Lde/weltraumschaf/ebnf/ast/Node;" line-rate="0.9" branch-rate="0.8888888888888888">
							<lines>
								<line number="26" hits="18" branch="true" condition-coverage="88% (8/9)">
									<conditions>
										<condition number="0" type="switch" coverage="88%"/>
									</conditions>
								</line>
								<line number="28" hits="2" branch="false"/>
								<line number="30" hits="2" branch="false"/>
								<line number="32" hits="2" branch="false"/>
								<line number="34" hits="4" branch="false"/>
								<line number="36" hits="2" branch="false"/>
								<line number="38" hits="2" branch="false"/>
								<line number="40" hits="2" branch="false"/>
								<line number="42" hits="2" branch="false"/>
								<line number="45" hits="0" branch="false"/>
							</lines>
						</method>
					</methods>
					<lines>
						<line number="23" hits="0" branch="false"/>
						<line number="26" hits="18" branch="true" condition-coverage="88% (8/9)">
							<conditions>
								<condition number="0" type="switch" coverage="88%"/>
							</conditions>
						</line>
						<line number="28" hits="2" branch="false"/>
						<line number="30" hits="2" branch="false"/>
						<line number="32" hits="2" branch="false"/>
						<line number="34" hits="4" branch="false"/>
						<line number="36" hits="2" branch="false"/>
						<line number="38" hits="2" branch="false"/>
						<line number="40" hits="2" branch="false"/>
						<line number="42" hits="2" branch="false"/>
						<line number="45" hits="0" branch="false"/>
						<line number="50" hits="22" branch="true" condition-coverage="100% (2/2)">
							<conditions>
								<condition number="0" type="jump" coverage="100%"/>
							</conditions>
						</line>
						<line number="51" hits="2" branch="false"/>
						<line number="52" hits="20" branch="true" condition-coverage="100% (2/2)">
							<conditions>
								<condition number="0" type="jump" coverage="100%"/>
							</conditions>
						</line>
						<line number="53" hits="2" branch="false"/>
						<line number="55" hits="18" branch="false"/>
					</lines>
				</class>
				<class name="de.weltraumschaf.ebnf.ast.nodes.NodeFactory$1" filename="de/weltraumschaf/ebnf/ast/nodes/NodeFactory.java" line-rate="1.0" branch-rate="1.0" complexity="8.0">
					<methods>
						<method name="&lt;clinit&gt;" signature="()V" line-rate="1.0" branch-rate="1.0">
							<lines>
								<line number="26" hits="2" branch="false"/>
							</lines>
						</method>
					</methods>
					<lines>
						<line number="26" hits="2" branch="false"/>
					</lines>
				</class>
				<class name="de.weltraumschaf.ebnf.ast.nodes.Null" filename="de/weltraumschaf/ebnf/ast/nodes/Null.java" line-rate="1.0" branch-rate="1.0" complexity="1.2">
					<methods>
						<method name="&lt;clinit&gt;" signature="()V" line-rate="1.0" branch-rate="1.0">
							<lines>
								<line number="15" hits="2" branch="false"/>
							</lines>
						</method>
						<method name="&lt;init&gt;" signature="()V" line-rate="1.0" branch-rate="1.0">
							<lines>
								<line number="18" hits="2" branch="false"/>
								<line number="19" hits="2" branch="false"/>
							</lines>
						</method>
						<method name="accept" signature="(Lde/weltraumschaf/ebnf/ast/Visitor;)V" line-rate="1.0" branch-rate="1.0">
							<lines>
								<line number="33" hits="2" branch="false"/>
							</lines>
						</method>
						<method name="depth" signature="()I" line-rate="1.0" branch-rate="1.0">
							<lines>
								<line number="44" hits="2" branch="false"/>
							</lines>
						</method>
						<method name="getInstance" signature="()Lde/weltraumschaf/ebnf/ast/nodes/Null;" line-rate="1.0" branch-rate="1.0">
							<lines>
								<line number="27" hits="232" branch="false"/>
							</lines>
						</method>
						<method name="probeEquivalence" signature="(Lde/weltraumschaf/ebnf/ast/Node;Lde/weltraumschaf/ebnf/ast/Notification;)V" line-rate="1.0" branch-rate="1.0">
							<lines>
								<line number="37" hits="4" branch="true" condition-coverage="100% (2/2)">
									<conditions>
										<condition number="0" type="jump" coverage="100%"/>
									</conditions>
								</line>
								<line number="38" hits="2" branch="false"/>
								<line number="40" hits="4" branch="false"/>
							</lines>
						</method>
					</methods>
					<lines>
						<line number="15" hits="2" branch="false"/>
						<line number="18" hits="2" branch="false"/>
						<line number="19" hits="2" branch="false"/>
						<line number="27" hits="232" branch="false"/>
						<line number="33" hits="2" branch="false"/>
						<line number="37" hits="4" branch="true" condition-coverage="100% (2/2)">
							<conditions>
								<condition number="0" type="jump" coverage="100%"/>
							</conditions>
						</line>
						<line number="38" hits="2" branch="false"/>
						<line number="40" hits="4" branch="false"/>
						<line number="44" hits="2" branch="false"/>
					</lines>
				</class>
				<class name="de.weltraumschaf.ebnf.ast.nodes.Option" filename="de/weltraumschaf/ebnf/ast/nodes/Option.java" line-rate="1.0" branch-rate="1.0" complexity="1.5">
					<methods>
						<method name="&lt;init&gt;" signature="(Lde/weltraumschaf/ebnf/ast/Node;)V" line-rate="1.0" branch-rate="1.0">
							<lines>
								<line number="15" hits="44" branch="false"/>
								<line number="16" hits="44" branch="false"/>
							</lines>
						</method>
						<method name="newInstance" signature="()Lde/weltraumschaf/ebnf/ast/nodes/Option;" line-rate="1.0" branch-rate="1.0">
							<lines>
								<line number="24" hits="6" branch="false"/>
							</lines>
						</method>
						<method name="newInstance" signature="(Lde/weltraumschaf/ebnf/ast/Node;)Lde/weltraumschaf/ebnf/ast/nodes/Option;" line-rate="1.0" branch-rate="1.0">
							<lines>
								<line number="34" hits="44" branch="false"/>
							</lines>
						</method>
						<method name="toString" signature="()Ljava/lang/String;" line-rate="1.0" branch-rate="1.0">
							<lines>
								<line number="39" hits="4" branch="false"/>
								<line number="41" hits="4" branch="true" condition-coverage="100% (2/2)">
									<conditions>
										<condition number="0" type="jump" coverage="100%"/>
									</conditions>
								</line>
								<line number="42" hits="2" branch="true" condition-coverage="100% (2/2)">
									<conditions>
										<condition number="0" type="jump" coverage="100%"/>
									</conditions>
								</line>
								<line number="43" hits="4" branch="false"/>
								<line number="47" hits="4" branch="false"/>
							</lines>
						</method>
					</methods>
					<lines>
						<line number="15" hits="44" branch="false"/>
						<line number="16" hits="44" branch="false"/>
						<line number="24" hits="6" branch="false"/>
						<line number="34" hits="44" branch="false"/>
						<line number="39" hits="4" branch="false"/>
						<line number="41" hits="4" branch="true" condition-coverage="100% (2/2)">
							<conditions>
								<condition number="0" type="jump" coverage="100%"/>
							</conditions>
						</line>
						<line number="42" hits="2" branch="true" condition-coverage="100% (2/2)">
							<conditions>
								<condition number="0" type="jump" coverage="100%"/>
							</conditions>
						</line>
						<line number="43" hits="4" branch="false"/>
						<line number="47" hits="4" branch="false"/>
					</lines>
				</class>
				<class name="de.weltraumschaf.ebnf.ast.nodes.Rule" filename="de/weltraumschaf/ebnf/ast/nodes/Rule.java" line-rate="1.0" branch-rate="1.0" complexity="1.4285714285714286">
					<methods>
						<method name="&lt;init&gt;" signature="(Lde/weltraumschaf/ebnf/ast/Node;Ljava/lang/String;)V" line-rate="1.0" branch-rate="1.0">
							<lines>
								<line number="18" hits="162" branch="false"/>
								<line number="19" hits="162" branch="false"/>
								<line number="20" hits="162" branch="false"/>
							</lines>
						</method>
						<method name="newInstance" signature="()Lde/weltraumschaf/ebnf/ast/nodes/Rule;" line-rate="1.0" branch-rate="1.0">
							<lines>
								<line number="28" hits="14" branch="false"/>
							</lines>
						</method>
						<method name="newInstance" signature="(Lde/weltraumschaf/ebnf/ast/Node;)Lde/weltraumschaf/ebnf/ast/nodes/Rule;" line-rate="1.0" branch-rate="1.0">
							<lines>
								<line number="48" hits="22" branch="false"/>
							</lines>
						</method>
						<method name="newInstance" signature="(Lde/weltraumschaf/ebnf/ast/Node;Ljava/lang/String;)Lde/weltraumschaf/ebnf/ast/nodes/Rule;" line-rate="1.0" branch-rate="1.0">
							<lines>
								<line number="59" hits="162" branch="false"/>
							</lines>
						</method>
						<method name="newInstance" signature="(Ljava/lang/String;)Lde/weltraumschaf/ebnf/ast/nodes/Rule;" line-rate="1.0" branch-rate="1.0">
							<lines>
								<line number="38" hits="4" branch="false"/>
							</lines>
						</method>
						<method name="probeEquivalence" signature="(Lde/weltraumschaf/ebnf/ast/Node;Lde/weltraumschaf/ebnf/ast/Notification;)V" line-rate="1.0" branch-rate="1.0">
							<lines>
								<line number="71" hits="100" branch="false"/>
								<line number="73" hits="100" branch="false"/>
								<line number="75" hits="100" branch="true" condition-coverage="100% (2/2)">
									<conditions>
										<condition number="0" type="jump" coverage="100%"/>
									</conditions>
								</line>
								<line number="76" hits="2" branch="false"/>
								<line number="79" hits="100" branch="false"/>
							</lines>
						</method>
						<method name="toString" signature="()Ljava/lang/String;" line-rate="1.0" branch-rate="1.0">
							<lines>
								<line number="83" hits="4" branch="false"/>
								<line number="85" hits="4" branch="true" condition-coverage="100% (2/2)">
									<conditions>
										<condition number="0" type="jump" coverage="100%"/>
									</conditions>
								</line>
								<line number="86" hits="2" branch="true" condition-coverage="100% (2/2)">
									<conditions>
										<condition number="0" type="jump" coverage="100%"/>
									</conditions>
								</line>
								<line number="87" hits="4" branch="false"/>
								<line number="91" hits="4" branch="false"/>
							</lines>
						</method>
					</methods>
					<lines>
						<line number="18" hits="162" branch="false"/>
						<line number="19" hits="162" branch="false"/>
						<line number="20" hits="162" branch="false"/>
						<line number="28" hits="14" branch="false"/>
						<line number="38" hits="4" branch="false"/>
						<line number="48" hits="22" branch="false"/>
						<line number="59" hits="162" branch="false"/>
						<line number="71" hits="100" branch="false"/>
						<line number="73" hits="100" branch="false"/>
						<line number="75" hits="100" branch="true" condition-coverage="100% (2/2)">
							<conditions>
								<condition number="0" type="jump" coverage="100%"/>
							</conditions>
						</line>
						<line number="76" hits="2" branch="false"/>
						<line number="79" hits="100" branch="false"/>
						<line number="83" hits="4" branch="false"/>
						<line number="85" hits="4" branch="true" condition-coverage="100% (2/2)">
							<conditions>
								<condition number="0" type="jump" coverage="100%"/>
							</conditions>
						</line>
						<line number="86" hits="2" branch="true" condition-coverage="100% (2/2)">
							<conditions>
								<condition number="0" type="jump" coverage="100%"/>
							</conditions>
						</line>
						<line number="87" hits="4" branch="false"/>
						<line number="91" hits="4" branch="false"/>
					</lines>
				</class>
				<class name="de.weltraumschaf.ebnf.ast.nodes.Sequence" filename="de/weltraumschaf/ebnf/ast/nodes/Sequence.java" line-rate="1.0" branch-rate="1.0" complexity="1.5">
					<methods>
						<method name="&lt;init&gt;" signature="(Lde/weltraumschaf/ebnf/ast/Node;)V" line-rate="1.0" branch-rate="1.0">
							<lines>
								<line number="15" hits="318" branch="false"/>
								<line number="16" hits="318" branch="false"/>
							</lines>
						</method>
						<method name="newInstance" signature="()Lde/weltraumschaf/ebnf/ast/nodes/Sequence;" line-rate="1.0" branch-rate="1.0">
							<lines>
								<line number="24" hits="10" branch="false"/>
							</lines>
						</method>
						<method name="newInstance" signature="(Lde/weltraumschaf/ebnf/ast/Node;)Lde/weltraumschaf/ebnf/ast/nodes/Sequence;" line-rate="1.0" branch-rate="1.0">
							<lines>
								<line number="34" hits="318" branch="false"/>
							</lines>
						</method>
						<method name="toString" signature="()Ljava/lang/String;" line-rate="1.0" branch-rate="1.0">
							<lines>
								<line number="39" hits="4" branch="false"/>
								<line number="41" hits="4" branch="true" condition-coverage="100% (2/2)">
									<conditions>
										<condition number="0" type="jump" coverage="100%"/>
									</conditions>
								</line>
								<line number="42" hits="2" branch="true" condition-coverage="100% (2/2)">
									<conditions>
										<condition number="0" type="jump" coverage="100%"/>
									</conditions>
								</line>
								<line number="43" hits="4" branch="false"/>
								<line number="47" hits="4" branch="false"/>
							</lines>
						</method>
					</methods>
					<lines>
						<line number="15" hits="318" branch="false"/>
						<line number="16" hits="318" branch="false"/>
						<line number="24" hits="10" branch="false"/>
						<line number="34" hits="318" branch="false"/>
						<line number="39" hits="4" branch="false"/>
						<line number="41" hits="4" branch="true" condition-coverage="100% (2/2)">
							<conditions>
								<condition number="0" type="jump" coverage="100%"/>
							</conditions>
						</line>
						<line number="42" hits="2" branch="true" condition-coverage="100% (2/2)">
							<conditions>
								<condition number="0" type="jump" coverage="100%"/>
							</conditions>
						</line>
						<line number="43" hits="4" branch="false"/>
						<line number="47" hits="4" branch="false"/>
					</lines>
				</class>
				<class name="de.weltraumschaf.ebnf.ast.nodes.Syntax" filename="de/weltraumschaf/ebnf/ast/nodes/Syntax.java" line-rate="1.0" branch-rate="1.0" complexity="1.7142857142857142">
					<methods>
						<method name="&lt;clinit&gt;" signature="()V" line-rate="1.0" branch-rate="1.0">
							<lines>
								<line number="23" hits="2" branch="false"/>
							</lines>
						</method>
						<method name="&lt;init&gt;" signature="(Ljava/lang/String;Ljava/lang/String;)V" line-rate="1.0" branch-rate="1.0">
							<lines>
								<line number="30" hits="82" branch="false"/>
								<line number="33" hits="82" branch="false"/>
								<line number="34" hits="82" branch="false"/>
								<line number="35" hits="82" branch="false"/>
								<line number="36" hits="82" branch="false"/>
							</lines>
						</method>
						<method name="accept" signature="(Lde/weltraumschaf/ebnf/ast/Visitor;)V" line-rate="1.0" branch-rate="1.0">
							<lines>
								<line number="170" hits="24" branch="false"/>
								<line number="171" hits="24" branch="false"/>
								<line number="173" hits="24" branch="true" condition-coverage="100% (2/2)">
									<conditions>
										<condition number="0" type="jump" coverage="100%"/>
									</conditions>
								</line>
								<line number="174" hits="20" branch="true" condition-coverage="100% (2/2)">
									<conditions>
										<condition number="0" type="jump" coverage="100%"/>
									</conditions>
								</line>
								<line number="175" hits="36" branch="false"/>
								<line number="179" hits="24" branch="false"/>
								<line number="180" hits="24" branch="false"/>
							</lines>
						</method>
						<method name="addChild" signature="(Lde/weltraumschaf/ebnf/ast/Node;)V" line-rate="1.0" branch-rate="1.0">
							<lines>
								<line number="95" hits="170" branch="false"/>
								<line number="96" hits="170" branch="false"/>
							</lines>
						</method>
						<method name="countChildren" signature="()I" line-rate="1.0" branch-rate="1.0">
							<lines>
								<line number="75" hits="198" branch="false"/>
							</lines>
						</method>
						<method name="depth" signature="()I" line-rate="1.0" branch-rate="1.0">
							<lines>
								<line number="189" hits="32" branch="false"/>
							</lines>
						</method>
						<method name="getChildren" signature="()Ljava/util/List;" line-rate="1.0" branch-rate="1.0">
							<lines>
								<line number="105" hits="168" branch="false"/>
							</lines>
						</method>
						<method name="getNodeName" signature="()Ljava/lang/String;" line-rate="1.0" branch-rate="1.0">
							<lines>
								<line number="207" hits="38" branch="false"/>
							</lines>
						</method>
						<method name="getType" signature="()Lde/weltraumschaf/ebnf/ast/NodeType;" line-rate="1.0" branch-rate="1.0">
							<lines>
								<line number="212" hits="2" branch="false"/>
							</lines>
						</method>
						<method name="hasChildren" signature="()Z" line-rate="1.0" branch-rate="1.0">
							<lines>
								<line number="85" hits="78" branch="true" condition-coverage="100% (2/2)">
									<conditions>
										<condition number="0" type="jump" coverage="100%"/>
									</conditions>
								</line>
							</lines>
						</method>
						<method name="newInstance" signature="()Lde/weltraumschaf/ebnf/ast/nodes/Syntax;" line-rate="1.0" branch-rate="1.0">
							<lines>
								<line number="44" hits="26" branch="false"/>
							</lines>
						</method>
						<method name="newInstance" signature="(Ljava/lang/String;)Lde/weltraumschaf/ebnf/ast/nodes/Syntax;" line-rate="1.0" branch-rate="1.0">
							<lines>
								<line number="54" hits="26" branch="false"/>
							</lines>
						</method>
						<method name="newInstance" signature="(Ljava/lang/String;Ljava/lang/String;)Lde/weltraumschaf/ebnf/ast/nodes/Syntax;" line-rate="1.0" branch-rate="1.0">
							<lines>
								<line number="65" hits="82" branch="false"/>
							</lines>
						</method>
						<method name="probeEquivalence" signature="(Lde/weltraumschaf/ebnf/ast/Node;Lde/weltraumschaf/ebnf/ast/Notification;)V" line-rate="1.0" branch-rate="1.0">
							<lines>
								<line number="118" hits="58" branch="false"/>
								<line number="120" hits="56" branch="true" condition-coverage="100% (2/2)">
									<conditions>
										<condition number="0" type="jump" coverage="100%"/>
									</conditions>
								</line>
								<line number="121" hits="12" branch="false"/>
								<line number="125" hits="56" branch="true" condition-coverage="100% (2/2)">
									<conditions>
										<condition number="0" type="jump" coverage="100%"/>
									</conditions>
								</line>
								<line number="126" hits="8" branch="false"/>
								<line number="130" hits="56" branch="true" condition-coverage="100% (2/2)">
									<conditions>
										<condition number="0" type="jump" coverage="100%"/>
									</conditions>
								</line>
								<line number="131" hits="4" branch="false"/>
								<line number="139" hits="56" branch="false"/>
								<line number="140" hits="56" branch="false"/>
								<line number="141" hits="56" branch="false"/>
								<line number="143" hits="56" branch="true" condition-coverage="100% (2/2)">
									<conditions>
										<condition number="0" type="jump" coverage="100%"/>
									</conditions>
								</line>
								<line number="145" hits="114" branch="false"/>
								<line number="146" hits="2" branch="false"/>
								<line number="147" hits="2" branch="false"/>
								<line number="148" hits="112" branch="false"/>
								<line number="150" hits="114" branch="false"/>
								<line number="152" hits="2" branch="false"/>
								<line number="153" hits="2" branch="false"/>
								<line number="158" hits="56" branch="false"/>
								<line number="159" hits="58" branch="false"/>
							</lines>
						</method>
						<method name="toString" signature="()Ljava/lang/String;" line-rate="1.0" branch-rate="1.0">
							<lines>
								<line number="194" hits="4" branch="false"/>
								<line number="196" hits="4" branch="true" condition-coverage="100% (2/2)">
									<conditions>
										<condition number="0" type="jump" coverage="100%"/>
									</conditions>
								</line>
								<line number="197" hits="2" branch="true" condition-coverage="100% (2/2)">
									<conditions>
										<condition number="0" type="jump" coverage="100%"/>
									</conditions>
								</line>
								<line number="198" hits="4" branch="false"/>
								<line number="202" hits="4" branch="false"/>
							</lines>
						</method>
					</methods>
					<lines>
						<line number="23" hits="2" branch="false"/>
						<line number="30" hits="82" branch="false"/>
						<line number="33" hits="82" branch="false"/>
						<line number="34" hits="82" branch="false"/>
						<line number="35" hits="82" branch="false"/>
						<line number="36" hits="82" branch="false"/>
						<line number="44" hits="26" branch="false"/>
						<line number="54" hits="26" branch="false"/>
						<line number="65" hits="82" branch="false"/>
						<line number="75" hits="198" branch="false"/>
						<line number="85" hits="78" branch="true" condition-coverage="100% (2/2)">
							<conditions>
								<condition number="0" type="jump" coverage="100%"/>
							</conditions>
						</line>
						<line number="95" hits="170" branch="false"/>
						<line number="96" hits="170" branch="false"/>
						<line number="105" hits="168" branch="false"/>
						<line number="118" hits="58" branch="false"/>
						<line number="120" hits="56" branch="true" condition-coverage="100% (2/2)">
							<conditions>
								<condition number="0" type="jump" coverage="100%"/>
							</conditions>
						</line>
						<line number="121" hits="12" branch="false"/>
						<line number="125" hits="56" branch="true" condition-coverage="100% (2/2)">
							<conditions>
								<condition number="0" type="jump" coverage="100%"/>
							</conditions>
						</line>
						<line number="126" hits="8" branch="false"/>
						<line number="130" hits="56" branch="true" condition-coverage="100% (2/2)">
							<conditions>
								<condition number="0" type="jump" coverage="100%"/>
							</conditions>
						</line>
						<line number="131" hits="4" branch="false"/>
						<line number="139" hits="56" branch="false"/>
						<line number="140" hits="56" branch="false"/>
						<line number="141" hits="56" branch="false"/>
						<line number="143" hits="56" branch="true" condition-coverage="100% (2/2)">
							<conditions>
								<condition number="0" type="jump" coverage="100%"/>
							</conditions>
						</line>
						<line number="145" hits="114" branch="false"/>
						<line number="146" hits="2" branch="false"/>
						<line number="147" hits="2" branch="false"/>
						<line number="148" hits="112" branch="false"/>
						<line number="150" hits="114" branch="false"/>
						<line number="152" hits="2" branch="false"/>
						<line number="153" hits="2" branch="false"/>
						<line number="158" hits="56" branch="false"/>
						<line number="159" hits="58" branch="false"/>
						<line number="170" hits="24" branch="false"/>
						<line number="171" hits="24" branch="false"/>
						<line number="173" hits="24" branch="true" condition-coverage="100% (2/2)">
							<conditions>
								<condition number="0" type="jump" coverage="100%"/>
							</conditions>
						</line>
						<line number="174" hits="20" branch="true" condition-coverage="100% (2/2)">
							<conditions>
								<condition number="0" type="jump" coverage="100%"/>
							</conditions>
						</line>
						<line number="175" hits="36" branch="false"/>
						<line number="179" hits="24" branch="false"/>
						<line number="180" hits="24" branch="false"/>
						<line number="189" hits="32" branch="false"/>
						<line number="194" hits="4" branch="false"/>
						<line number="196" hits="4" branch="true" condition-coverage="100% (2/2)">
							<conditions>
								<condition number="0" type="jump" coverage="100%"/>
							</conditions>
						</line>
						<line number="197" hits="2" branch="true" condition-coverage="100% (2/2)">
							<conditions>
								<condition number="0" type="jump" coverage="100%"/>
							</conditions>
						</line>
						<line number="198" hits="4" branch="false"/>
						<line number="202" hits="4" branch="false"/>
						<line number="207" hits="38" branch="false"/>
						<line number="212" hits="2" branch="false"/>
					</lines>
				</class>
				<class name="de.weltraumschaf.ebnf.ast.nodes.Terminal" filename="de/weltraumschaf/ebnf/ast/nodes/Terminal.java" line-rate="1.0" branch-rate="1.0" complexity="1.2857142857142858">
					<methods>
						<method name="&lt;init&gt;" signature="(Lde/weltraumschaf/ebnf/ast/Node;Ljava/lang/String;)V" line-rate="1.0" branch-rate="1.0">
							<lines>
								<line number="26" hits="438" branch="false"/>
								<line number="27" hits="438" branch="false"/>
								<line number="28" hits="438" branch="false"/>
							</lines>
						</method>
						<method name="depth" signature="()I" line-rate="1.0" branch-rate="1.0">
							<lines>
								<line number="102" hits="30" branch="false"/>
							</lines>
						</method>
						<method name="newInstance" signature="()Lde/weltraumschaf/ebnf/ast/nodes/Terminal;" line-rate="1.0" branch-rate="1.0">
							<lines>
								<line number="36" hits="18" branch="false"/>
							</lines>
						</method>
						<method name="newInstance" signature="(Lde/weltraumschaf/ebnf/ast/Node;)Lde/weltraumschaf/ebnf/ast/nodes/Terminal;" line-rate="1.0" branch-rate="1.0">
							<lines>
								<line number="56" hits="20" branch="false"/>
							</lines>
						</method>
						<method name="newInstance" signature="(Lde/weltraumschaf/ebnf/ast/Node;Ljava/lang/String;)Lde/weltraumschaf/ebnf/ast/nodes/Terminal;" line-rate="1.0" branch-rate="1.0">
							<lines>
								<line number="67" hits="438" branch="false"/>
							</lines>
						</method>
						<method name="newInstance" signature="(Ljava/lang/String;)Lde/weltraumschaf/ebnf/ast/nodes/Terminal;" line-rate="1.0" branch-rate="1.0">
							<lines>
								<line number="46" hits="2" branch="false"/>
							</lines>
						</method>
						<method name="probeEquivalence" signature="(Lde/weltraumschaf/ebnf/ast/Node;Lde/weltraumschaf/ebnf/ast/Notification;)V" line-rate="1.0" branch-rate="1.0">
							<lines>
								<line number="80" hits="326" branch="false"/>
								<line number="82" hits="324" branch="true" condition-coverage="100% (2/2)">
									<conditions>
										<condition number="0" type="jump" coverage="100%"/>
									</conditions>
								</line>
								<line number="83" hits="4" branch="false"/>
								<line number="86" hits="2" branch="false"/>
								<line number="87" hits="2" branch="false"/>
								<line number="92" hits="324" branch="false"/>
								<line number="93" hits="326" branch="false"/>
							</lines>
						</method>
					</methods>
					<lines>
						<line number="26" hits="438" branch="false"/>
						<line number="27" hits="438" branch="false"/>
						<line number="28" hits="438" branch="false"/>
						<line number="36" hits="18" branch="false"/>
						<line number="46" hits="2" branch="false"/>
						<line number="56" hits="20" branch="false"/>
						<line number="67" hits="438" branch="false"/>
						<line number="80" hits="326" branch="false"/>
						<line number="82" hits="324" branch="true" condition-coverage="100% (2/2)">
							<conditions>
								<condition number="0" type="jump" coverage="100%"/>
							</conditions>
						</line>
						<line number="83" hits="4" branch="false"/>
						<line number="86" hits="2" branch="false"/>
						<line number="87" hits="2" branch="false"/>
						<line number="92" hits="324" branch="false"/>
						<line number="93" hits="326" branch="false"/>
						<line number="102" hits="30" branch="false"/>
					</lines>
				</class>
			</classes>
		</package>
		<package name="de.weltraumschaf.ebnf.ast.visitor" line-rate="1.0" branch-rate="0.9827586206896551" complexity="2.409090909090909">
			<classes>
				<class name="de.weltraumschaf.ebnf.ast.visitor.TextSyntaxTree" filename="de/weltraumschaf/ebnf/ast/visitor/TextSyntaxTree.java" line-rate="1.0" branch-rate="0.9722222222222222" complexity="3.375">
					<methods>
						<method name="&lt;init&gt;" signature="()V" line-rate="1.0" branch-rate="1.0">
							<lines>
								<line number="53" hits="6" branch="false"/>
								<line number="64" hits="6" branch="false"/>
								<line number="70" hits="6" branch="false"/>
								<line number="74" hits="6" branch="false"/>
								<line number="85" hits="6" branch="false"/>
							</lines>
						</method>
						<method name="afterVisit" signature="(Lde/weltraumschaf/ebnf/ast/Visitable;)V" line-rate="1.0" branch-rate="1.0">
							<lines>
								<line number="216" hits="104" branch="false"/>
								<line number="218" hits="934" branch="true" condition-coverage="100% (2/2)">
									<conditions>
										<condition number="0" type="jump" coverage="100%"/>
									</conditions>
								</line>
								<line number="219" hits="830" branch="true" condition-coverage="100% (6/6)">
									<conditions>
										<condition number="0" type="jump" coverage="100%"/>
										<condition number="1" type="jump" coverage="100%"/>
										<condition number="2" type="jump" coverage="100%"/>
									</conditions>
								</line>
								<line number="221" hits="30" branch="false"/>
								<line number="225" hits="104" branch="false"/>
								<line number="227" hits="104" branch="true" condition-coverage="100% (2/2)">
									<conditions>
										<condition number="0" type="jump" coverage="100%"/>
									</conditions>
								</line>
								<line number="228" hits="18" branch="false"/>
								<line number="230" hits="104" branch="false"/>
							</lines>
						</method>
						<method name="beforeVisit" signature="(Lde/weltraumschaf/ebnf/ast/Visitable;)V" line-rate="1.0" branch-rate="1.0">
							<lines>
								<line number="171" hits="104" branch="false"/>
								<line number="172" hits="104" branch="true" condition-coverage="100% (2/2)">
									<conditions>
										<condition number="0" type="jump" coverage="100%"/>
									</conditions>
								</line>
								<line number="173" hits="18" branch="false"/>
								<line number="174" hits="18" branch="false"/>
								<line number="175" hits="18" branch="false"/>
								<line number="177" hits="86" branch="false"/>
								<line number="181" hits="104" branch="false"/>
								<line number="182" hits="104" branch="false"/>
							</lines>
						</method>
						<method name="createRow" signature="(I)Ljava/util/List;" line-rate="1.0" branch-rate="1.0">
							<lines>
								<line number="148" hits="114" branch="true" condition-coverage="100% (2/2)">
									<conditions>
										<condition number="0" type="jump" coverage="100%"/>
									</conditions>
								</line>
								<line number="149" hits="2" branch="false"/>
								<line number="153" hits="112" branch="false"/>
								<line number="155" hits="610" branch="true" condition-coverage="100% (2/2)">
									<conditions>
										<condition number="0" type="jump" coverage="100%"/>
									</conditions>
								</line>
								<line number="156" hits="498" branch="false"/>
								<line number="159" hits="112" branch="false"/>
							</lines>
						</method>
						<method name="formatNode" signature="(Lde/weltraumschaf/ebnf/ast/Node;)Ljava/lang/String;" line-rate="1.0" branch-rate="1.0">
							<lines>
								<line number="115" hits="218" branch="false"/>
								<line number="116" hits="218" branch="false"/>
								<line number="117" hits="218" branch="false"/>
								<line number="119" hits="218" branch="true" condition-coverage="100% (2/2)">
									<conditions>
										<condition number="0" type="jump" coverage="100%"/>
									</conditions>
								</line>
								<line number="120" hits="52" branch="false"/>
[...]
							<lines>
								<line number="68" hits="474" branch="false"/>
							</lines>
						</method>
						<method name="toString" signature="()Ljava/lang/String;" line-rate="1.0" branch-rate="1.0">
							<lines>
								<line number="87" hits="20" branch="false"/>
								<line number="89" hits="20" branch="true" condition-coverage="100% (2/2)">
									<conditions>
										<condition number="0" type="jump" coverage="100%"/>
									</conditions>
								</line>
								<line number="90" hits="10" branch="false"/>
								<line number="93" hits="20" branch="false"/>
								<line number="95" hits="20" branch="false"/>
							</lines>
						</method>
					</methods>
					<lines>
						<line number="33" hits="34" branch="false"/>
						<line number="34" hits="34" branch="false"/>
						<line number="45" hits="1282" branch="false"/>
						<line number="46" hits="1282" branch="false"/>
						<line number="47" hits="1282" branch="false"/>
						<line number="48" hits="1282" branch="false"/>
						<line number="49" hits="1282" branch="false"/>
						<line number="59" hits="480" branch="false"/>
						<line number="68" hits="474" branch="false"/>
						<line number="77" hits="474" branch="false"/>
						<line number="87" hits="20" branch="false"/>
						<line number="89" hits="20" branch="true" condition-coverage="100% (2/2)">
							<conditions>
								<condition number="0" type="jump" coverage="100%"/>
							</conditions>
						</line>
						<line number="90" hits="10" branch="false"/>
						<line number="93" hits="20" branch="false"/>
						<line number="95" hits="20" branch="false"/>
					</lines>
				</class>
				<class name="de.weltraumschaf.ebnf.parser.ReferenceGrammar" filename="de/weltraumschaf/ebnf/parser/ReferenceGrammar.java" line-rate="0.8333333333333334" branch-rate="1.0" complexity="1.5">
					<methods>
						<method name="&lt;clinit&gt;" signature="()V" line-rate="1.0" branch-rate="1.0">
							<lines>
								<line number="32" hits="2" branch="false"/>
							</lines>
						</method>
						<method name="&lt;init&gt;" signature="()V" line-rate="1.0" branch-rate="1.0">
							<lines>
								<line number="39" hits="2" branch="false"/>
								<line number="44" hits="4" branch="false"/>
							</lines>
						</method>
						<method name="getInstance" signature="()Lde/weltraumschaf/ebnf/parser/ReferenceGrammar;" line-rate="1.0" branch-rate="1.0">
							<lines>
								<line number="52" hits="4" branch="false"/>
							</lines>
						</method>
						<method name="getSyntax" signature="()Lde/weltraumschaf/ebnf/ast/nodes/Syntax;" line-rate="0.7142857142857143" branch-rate="1.0">
							<lines>
								<line number="93" hits="4" branch="true" condition-coverage="100% (2/2)">
									<conditions>
										<condition number="0" type="jump" coverage="100%"/>
									</conditions>
								</line>
								<line number="94" hits="2" branch="false"/>
								<line number="97" hits="2" branch="false"/>
								<line number="98" hits="0" branch="false"/>
								<line number="100" hits="0" branch="false"/>
								<line number="101" hits="2" branch="false"/>
								<line number="104" hits="4" branch="false"/>
							</lines>
						</method>
						<method name="toString" signature="()Ljava/lang/String;" line-rate="1.0" branch-rate="1.0">
							<lines>
								<line number="62" hits="2" branch="false"/>
							</lines>
						</method>
					</methods>
					<lines>
						<line number="32" hits="2" branch="false"/>
						<line number="39" hits="2" branch="false"/>
						<line number="44" hits="4" branch="false"/>
						<line number="52" hits="4" branch="false"/>
						<line number="62" hits="2" branch="false"/>
						<line number="93" hits="4" branch="true" condition-coverage="100% (2/2)">
							<conditions>
								<condition number="0" type="jump" coverage="100%"/>
							</conditions>
						</line>
						<line number="94" hits="2" branch="false"/>
						<line number="97" hits="2" branch="false"/>
						<line number="98" hits="0" branch="false"/>
						<line number="100" hits="0" branch="false"/>
						<line number="101" hits="2" branch="false"/>
						<line number="104" hits="4" branch="false"/>
					</lines>
				</class>
				<class name="de.weltraumschaf.ebnf.parser.Scanner" filename="de/weltraumschaf/ebnf/parser/Scanner.java" line-rate="1.0" branch-rate="1.0" complexity="1.0">
					<methods>
					</methods>
					<lines>
					</lines>
				</class>
				<class name="de.weltraumschaf.ebnf.parser.StringHelper" filename="de/weltraumschaf/ebnf/parser/StringHelper.java" line-rate="0.875" branch-rate="0.5" complexity="2.0">
					<methods>
						<method name="&lt;init&gt;" signature="()V" line-rate="0.0" branch-rate="1.0">
							<lines>
								<line number="20" hits="0" branch="false"/>
							</lines>
						</method>
						<method name="unquoteString" signature="(Ljava/lang/String;)Ljava/lang/String;" line-rate="1.0" branch-rate="0.5">
							<lines>
								<line number="29" hits="222" branch="false"/>
								<line number="30" hits="222" branch="false"/>
								<line number="32" hits="222" branch="true" condition-coverage="50% (1/2)">
									<conditions>
										<condition number="0" type="jump" coverage="50%"/>
									</conditions>
								</line>
								<line number="33" hits="222" branch="false"/>
								<line number="36" hits="222" branch="true" condition-coverage="50% (1/2)">
									<conditions>
										<condition number="0" type="jump" coverage="50%"/>
									</conditions>
								</line>
								<line number="37" hits="222" branch="false"/>
								<line number="40" hits="222" branch="false"/>
							</lines>
						</method>
					</methods>
					<lines>
						<line number="20" hits="0" branch="false"/>
						<line number="29" hits="222" branch="false"/>
						<line number="30" hits="222" branch="false"/>
						<line number="32" hits="222" branch="true" condition-coverage="50% (1/2)">
							<conditions>
								<condition number="0" type="jump" coverage="50%"/>
							</conditions>
						</line>
						<line number="33" hits="222" branch="false"/>
						<line number="36" hits="222" branch="true" condition-coverage="50% (1/2)">
							<conditions>
								<condition number="0" type="jump" coverage="50%"/>
							</conditions>
						</line>
						<line number="37" hits="222" branch="false"/>
						<line number="40" hits="222" branch="false"/>
					</lines>
				</class>
				<class name="de.weltraumschaf.ebnf.parser.SyntaxException" filename="de/weltraumschaf/ebnf/parser/SyntaxException.java" line-rate="1.0" branch-rate="1.0" complexity="1.0">
					<methods>
						<method name="&lt;init&gt;" signature="(Ljava/lang/String;Lde/weltraumschaf/ebnf/parser/Position;)V" line-rate="1.0" branch-rate="1.0">
							<lines>
								<line number="26" hits="8" branch="false"/>
								<line number="27" hits="8" branch="false"/>
							</lines>
						</method>
						<method name="&lt;init&gt;" signature="(Ljava/lang/String;Lde/weltraumschaf/ebnf/parser/Position;Ljava/lang/Throwable;)V" line-rate="1.0" branch-rate="1.0">
							<lines>
								<line number="37" hits="8" branch="false"/>
								<line number="38" hits="8" branch="false"/>
								<line number="39" hits="8" branch="false"/>
							</lines>
						</method>
						<method name="getPosition" signature="()Lde/weltraumschaf/ebnf/parser/Position;" line-rate="1.0" branch-rate="1.0">
							<lines>
								<line number="47" hits="4" branch="false"/>
							</lines>
						</method>
						<method name="toString" signature="()Ljava/lang/String;" line-rate="1.0" branch-rate="1.0">
							<lines>
								<line number="57" hits="6" branch="false"/>
								<line number="58" hits="6" branch="false"/>
								<line number="62" hits="6" branch="false"/>
							</lines>
						</method>
					</methods>
					<lines>
						<line number="26" hits="8" branch="false"/>
						<line number="27" hits="8" branch="false"/>
						<line number="37" hits="8" branch="false"/>
						<line number="38" hits="8" branch="false"/>
						<line number="39" hits="8" branch="false"/>
						<line number="47" hits="4" branch="false"/>
						<line number="57" hits="6" branch="false"/>
						<line number="58" hits="6" branch="false"/>
						<line number="62" hits="6" branch="false"/>
					</lines>
				</class>
				<class name="de.weltraumschaf.ebnf.parser.Token" filename="de/weltraumschaf/ebnf/parser/Token.java" line-rate="1.0" branch-rate="0.6551724137931034" complexity="2.6153846153846154">
					<methods>
						<method name="&lt;init&gt;" signature="(Lde/weltraumschaf/ebnf/parser/TokenType;Ljava/lang/String;Lde/weltraumschaf/ebnf/parser/Position;)V" line-rate="1.0" branch-rate="1.0">
							<lines>
								<line number="41" hits="1306" branch="false"/>
								<line number="42" hits="1306" branch="false"/>
								<line number="43" hits="1306" branch="false"/>
								<line number="44" hits="1306" branch="false"/>
								<line number="45" hits="1306" branch="false"/>
							</lines>
						</method>
						<method name="getPosition" signature="()Lde/weltraumschaf/ebnf/parser/Position;" line-rate="1.0" branch-rate="1.0">
							<lines>
								<line number="85" hits="448" branch="false"/>
							</lines>
						</method>
						<method name="getPosition" signature="(Z)Lde/weltraumschaf/ebnf/parser/Position;" line-rate="1.0" branch-rate="1.0">
							<lines>
								<line number="95" hits="450" branch="true" condition-coverage="100% (2/2)">
									<conditions>
										<condition number="0" type="jump" coverage="100%"/>
									</conditions>
								</line>
								<line number="96" hits="2" branch="false"/>
								<line number="103" hits="448" branch="false"/>
							</lines>
						</method>
						<method name="getType" signature="()Lde/weltraumschaf/ebnf/parser/TokenType;" line-rate="1.0" branch-rate="1.0">
							<lines>
								<line number="53" hits="1066" branch="false"/>
							</lines>
						</method>
						<method name="getValue" signature="()Ljava/lang/String;" line-rate="1.0" branch-rate="1.0">
							<lines>
								<line number="62" hits="2760" branch="false"/>
							</lines>
						</method>
						<method name="getValue" signature="(Z)Ljava/lang/String;" line-rate="1.0" branch-rate="1.0">
							<lines>
								<line number="72" hits="2970" branch="true" condition-coverage="100% (2/2)">
									<conditions>
										<condition number="0" type="jump" coverage="100%"/>
									</conditions>
								</line>
								<line number="73" hits="210" branch="false"/>
								<line number="76" hits="2760" branch="false"/>
							</lines>
						</method>
						<method name="isEqual" signature="(Ljava/lang/String;)Z" line-rate="1.0" branch-rate="1.0">
							<lines>
								<line number="209" hits="1584" branch="false"/>
							</lines>
						</method>
						<method name="isEquals" signature="([Ljava/lang/String;)Z" line-rate="1.0" branch-rate="1.0">
							<lines>
								<line number="183" hits="1716" branch="true" condition-coverage="100% (2/2)">
									<conditions>
										<condition number="0" type="jump" coverage="100%"/>
									</conditions>
								</line>
								<line number="184" hits="1576" branch="true" condition-coverage="100% (2/2)">
									<conditions>
										<condition number="0" type="jump" coverage="100%"/>
									</conditions>
								</line>
								<line number="185" hits="260" branch="false"/>
								<line number="189" hits="140" branch="false"/>
							</lines>
						</method>
						<method name="isNotEqual" signature="(Ljava/lang/String;)Z" line-rate="1.0" branch-rate="1.0">
							<lines>
								<line number="199" hits="4" branch="true" condition-coverage="100% (2/2)">
									<conditions>
										<condition number="0" type="jump" coverage="100%"/>
									</conditions>
								</line>
							</lines>
						</method>
						<method name="isNotEquals" signature="([Ljava/lang/String;)Z" line-rate="1.0" branch-rate="1.0">
							<lines>
								<line number="173" hits="388" branch="true" condition-coverage="100% (2/2)">
									<conditions>
										<condition number="0" type="jump" coverage="100%"/>
									</conditions>
								</line>
							</lines>
						</method>
						<method name="isOperator" signature="()Z" line-rate="1.0" branch-rate="0.18181818181818182">
							<lines>
								<line number="139" hits="28" branch="true" condition-coverage="18% (2/11)">
									<conditions>
										<condition number="0" type="switch" coverage="18%"/>
									</conditions>
								</line>
								<line number="150" hits="20" branch="false"/>
								<line number="152" hits="8" branch="false"/>
							</lines>
						</method>
						<method name="isType" signature="(Lde/weltraumschaf/ebnf/parser/TokenType;)Z" line-rate="1.0" branch-rate="1.0">
							<lines>
								<line number="163" hits="2738" branch="false"/>
							</lines>
						</method>
						<method name="toString" signature="()Ljava/lang/String;" line-rate="1.0" branch-rate="0.8333333333333334">
							<lines>
								<line number="115" hits="8" branch="false"/>
								<line number="117" hits="8" branch="true" condition-coverage="75% (3/4)">
									<conditions>
										<condition number="0" type="jump" coverage="50%"/>
										<condition number="1" type="jump" coverage="100%"/>
									</conditions>
								</line>
								<line number="118" hits="6" branch="false"/>
								<line number="120" hits="6" branch="true" condition-coverage="100% (2/2)">
									<conditions>
										<condition number="0" type="jump" coverage="100%"/>
									</conditions>
								</line>
								<line number="121" hits="2" branch="false"/>
								<line number="123" hits="4" branch="false"/>
								<line number="126" hits="6" branch="false"/>
								<line number="129" hits="8" branch="false"/>
								<line number="130" hits="8" branch="false"/>
							</lines>
						</method>
					</methods>
					<lines>
						<line number="41" hits="1306" branch="false"/>
						<line number="42" hits="1306" branch="false"/>
						<line number="43" hits="1306" branch="false"/>
						<line number="44" hits="1306" branch="false"/>
						<line number="45" hits="1306" branch="false"/>
						<line number="53" hits="1066" branch="false"/>
						<line number="62" hits="2760" branch="false"/>
						<line number="72" hits="2970" branch="true" condition-coverage="100% (2/2)">
							<conditions>
								<condition number="0" type="jump" coverage="100%"/>
							</conditions>
						</line>
						<line number="73" hits="210" branch="false"/>
						<line number="76" hits="2760" branch="false"/>
						<line number="85" hits="448" branch="false"/>
						<line number="95" hits="450" branch="true" condition-coverage="100% (2/2)">
							<conditions>
								<condition number="0" type="jump" coverage="100%"/>
							</conditions>
						</line>
						<line number="96" hits="2" branch="false"/>
						<line number="103" hits="448" branch="false"/>
						<line number="115" hits="8" branch="false"/>
						<line number="117" hits="8" branch="true" condition-coverage="75% (3/4)">
							<conditions>
								<condition number="0" type="jump" coverage="50%"/>
								<condition number="1" type="jump" coverage="100%"/>
							</conditions>
						</line>
						<line number="118" hits="6" branch="false"/>
						<line number="120" hits="6" branch="true" condition-coverage="100% (2/2)">
							<conditions>
								<condition number="0" type="jump" coverage="100%"/>
							</conditions>
						</line>
						<line number="121" hits="2" branch="false"/>
						<line number="123" hits="4" branch="false"/>
						<line number="126" hits="6" branch="false"/>
						<line number="129" hits="8" branch="false"/>
						<line number="130" hits="8" branch="false"/>
						<line number="139" hits="28" branch="true" condition-coverage="18% (2/11)">
							<conditions>
								<condition number="0" type="switch" coverage="18%"/>
							</conditions>
						</line>
						<line number="150" hits="20" branch="false"/>
						<line number="152" hits="8" branch="false"/>
						<line number="163" hits="2738" branch="false"/>
						<line number="173" hits="388" branch="true" condition-coverage="100% (2/2)">
							<conditions>
								<condition number="0" type="jump" coverage="100%"/>
							</conditions>
						</line>
						<line number="183" hits="1716" branch="true" condition-coverage="100% (2/2)">
							<conditions>
								<condition number="0" type="jump" coverage="100%"/>
							</conditions>
						</line>
						<line number="184" hits="1576" branch="true" condition-coverage="100% (2/2)">
							<conditions>
								<condition number="0" type="jump" coverage="100%"/>
							</conditions>
						</line>
						<line number="185" hits="260" branch="false"/>
						<line number="189" hits="140" branch="false"/>
						<line number="199" hits="4" branch="true" condition-coverage="100% (2/2)">
							<conditions>
								<condition number="0" type="jump" coverage="100%"/>
							</conditions>
						</line>
						<line number="209" hits="1584" branch="false"/>
					</lines>
				</class>
				<class name="de.weltraumschaf.ebnf.parser.Token$1" filename="de/weltraumschaf/ebnf/parser/Token.java" line-rate="1.0" branch-rate="1.0" complexity="2.6153846153846154">
					<methods>
						<method name="&lt;clinit&gt;" signature="()V" line-rate="1.0" branch-rate="1.0">
							<lines>
								<line number="139" hits="2" branch="false"/>
							</lines>
						</method>
					</methods>
					<lines>
						<line number="139" hits="2" branch="false"/>
					</lines>
				</class>
				<class name="de.weltraumschaf.ebnf.parser.TokenType" filename="de/weltraumschaf/ebnf/parser/TokenType.java" line-rate="1.0" branch-rate="1.0" complexity="0.0">
					<methods>
						<method name="&lt;clinit&gt;" signature="()V" line-rate="1.0" branch-rate="1.0">
							<lines>
								<line number="8" hits="32" branch="false"/>
								<line number="12" hits="2" branch="false"/>
								<line number="16" hits="2" branch="false"/>
								<line number="20" hits="2" branch="false"/>
								<line number="24" hits="2" branch="false"/>
								<line number="28" hits="2" branch="false"/>
								<line number="32" hits="2" branch="false"/>
								<line number="36" hits="2" branch="false"/>
								<line number="40" hits="2" branch="false"/>
								<line number="44" hits="2" branch="false"/>
								<line number="48" hits="2" branch="false"/>
								<line number="52" hits="2" branch="false"/>
								<line number="56" hits="2" branch="false"/>
								<line number="60" hits="2" branch="false"/>
								<line number="64" hits="2" branch="false"/>
							</lines>
						</method>
						<method name="&lt;init&gt;" signature="(Ljava/lang/String;I)V" line-rate="1.0" branch-rate="1.0">
							<lines>
							</lines>
						</method>
						<method name="valueOf" signature="(Ljava/lang/String;)Lde/weltraumschaf/ebnf/parser/TokenType;" line-rate="1.0" branch-rate="1.0">
							<lines>
							</lines>
						</method>
						<method name="values" signature="()[Lde/weltraumschaf/ebnf/parser/TokenType;" line-rate="1.0" branch-rate="1.0">
							<lines>
							</lines>
						</method>
					</methods>
					<lines>
						<line number="8" hits="32" branch="false"/>
						<line number="12" hits="2" branch="false"/>
						<line number="16" hits="2" branch="false"/>
						<line number="20" hits="2" branch="false"/>
						<line number="24" hits="2" branch="false"/>
						<line number="28" hits="2" branch="false"/>
						<line number="32" hits="2" branch="false"/>
						<line number="36" hits="2" branch="false"/>
						<line number="40" hits="2" branch="false"/>
						<line number="44" hits="2" branch="false"/>
						<line number="48" hits="2" branch="false"/>
						<line number="52" hits="2" branch="false"/>
						<line number="56" hits="2" branch="false"/>
						<line number="60" hits="2" branch="false"/>
						<line number="64" hits="2" branch="false"/>
					</lines>
				</class>
			</classes>
		</package>
	</packages>
</coverage>
